
[2020-09-22T14:48:12.623589+03:00] app.DEBUG: К-во памяти на начало программы 373208 [] []
[2020-09-22T14:48:12.625165+03:00] app.NOTICE: Вычисляем простое число под номером 10001 [] []
[2020-09-22T14:48:12.625986+03:00] app.INFO: stage 1 [] []
[2020-09-22T14:48:12.626814+03:00] app.DEBUG: К-во памяти на момент stage 1 380936 [] []
[2020-09-22T14:48:12.627622+03:00] app.INFO: stage 2 [] []
[2020-09-22T14:48:12.628441+03:00] app.DEBUG: К-во памяти на момент stage 2 380936 [] []
[2020-09-22T14:48:12.629305+03:00] app.DEBUG: Приращение памяти 0 [] []
[2020-09-22T14:48:12.638980+03:00] app.INFO: stage 3 [] []
[2020-09-22T14:48:12.639835+03:00] app.DEBUG: К-во памяти на момент stage 3 4579416 [] []
[2020-09-22T14:48:12.640693+03:00] app.DEBUG: Приращение памяти 4198480 [] []
[2020-09-22T14:48:12.666599+03:00] app.INFO: stage 4 [] []
[2020-09-22T14:48:12.667575+03:00] app.DEBUG: К-во памяти на момент stage 4 4579416 [] []
[2020-09-22T14:48:12.668615+03:00] app.DEBUG: Приращение памяти 0 [] []
[2020-09-22T14:48:12.670381+03:00] app.INFO: stage 5 [] []
[2020-09-22T14:48:12.671190+03:00] app.DEBUG: К-во памяти на момент stage 5 4579416 [] []
[2020-09-22T14:48:12.672017+03:00] app.DEBUG: Приращение памяти 0 [] []
[2020-09-22T14:48:12.672849+03:00] app.INFO: stage 6 [] []
[2020-09-22T14:48:12.673643+03:00] app.DEBUG: К-во памяти на момент stage 6 4579416 [] []
[2020-09-22T14:48:12.674639+03:00] app.DEBUG: Приращение памяти 0 [] []
[2020-09-22T14:48:12.681501+03:00] app.DEBUG: К-во памяти на момент выхода из функции 4579416 [] []
[2020-09-22T14:48:12.682582+03:00] app.DEBUG: К-во памяти в конце скрипта 380840 [] []
